Watching for changes in C:/Users/asifr/OneDrive/Documents/GitHub/mlif/archetypes, C:/Users/asifr/OneDrive/Documents/GitHub/mlif/assets/css, C:/Users/asifr/OneDrive/Documents/GitHub/mlif/content/{exams,modules,projects}, C:/Users/asifr/OneDrive/Documents/GitHub/mlif/layouts/{_default,exams,modules,partials,projects}, C:/Users/asifr/OneDrive/Documents/GitHub/mlif/static/{css,files,js}, C:/Users/asifr/OneDrive/Documents/GitHub/mlif/themes/PaperMod/assets/{css,js}, C:/Users/asifr/OneDrive/Documents/GitHub/mlif/themes/PaperMod/i18n, C:/Users/asifr/OneDrive/Documents/GitHub/mlif/themes/PaperMod/layouts/{_markup,_partials,_shortcodes}
Watching for config changes in C:\Users\asifr\OneDrive\Documents\GitHub\mlif\hugo.yaml
Start building sites … 
hugo v0.154.5-a6f99cca223a29cad1d4cdaa6a1a90508ac1da71+extended windows/amd64 BuildDate=2026-01-11T20:53:23Z VendorInfo=gohugoio


                  │ EN 
──────────────────┼────
 Pages            │ 25 
 Paginator pages  │  0 
 Non-page files   │  0 
 Static files     │  8 
 Processed images │  0 
 Aliases          │  0 
 Cleaned          │  0 

Built in 28 ms
Environment: "development"
Serving pages from disk
Web Server is available at http://127.0.0.1:1313/ (bind address 127.0.0.1) 
Press Ctrl+C to stop

Change of Static files detected, rebuilding site (#1).
2026-05-12 08:58:47.517 -0500
Syncing \files\rdt\~$rdt.docx to \

Change of Static files detected, rebuilding site (#2).
2026-05-12 08:58:48.017 -0500
Syncing \files\rdt to \

Change of Static files detected, rebuilding site (#3).
2026-05-12 09:00:07.518 -0500
Syncing \files\rdt to \
Syncing \files\rdt\rdt.docx to \

Change of Static files detected, rebuilding site (#4).
2026-05-12 09:03:51.517 -0500
Syncing \files\rdt to \

Change of Static files detected, rebuilding site (#5).
2026-05-12 09:07:44.028 -0500
Syncing \files\rdt\rdt_style_guide.md to \
Syncing \files\rdt\rdt_latex_template.tex to \
Syncing \files\rdt\rdt_google_docs_guide.md to \
Syncing \files\rdt\rdt_pages_guide.md to \
Syncing \files\rdt\rdt_overleaf_guide.md to \

Change of Static files detected, rebuilding site (#6).
2026-05-12 09:08:09.028 -0500
Syncing \files\rdt\RDT_Overleaf.zip to \
Syncing \files\rdt\rdt_pages_template_package.zip to \

Change detected, rebuilding site (#7).
2026-05-12 09:25:34.529 -0500
Source changed /home.md
Web Server is available at http://127.0.0.1:1313/ (bind address 127.0.0.1)
Total in 30 ms
